<?xml version="1.0" encoding="UTF-8"?>
<testng-results ignored="0" total="1" passed="1" failed="0" skipped="0">
  <reporter-output>
  </reporter-output>
  <suite started-at="2024-11-23T14:46:29 IST" name="Default suite" finished-at="2024-11-23T14:46:29 IST" duration-ms="18">
    <groups>
    </groups>
    <test started-at="2024-11-23T14:46:29 IST" name="Default test" finished-at="2024-11-23T14:46:29 IST" duration-ms="18">
      <class name="JavaStream.MergeTwoList">
        <test-method signature="listMerge()[pri:0, instance:JavaStream.MergeTwoList@73e9cf30]" started-at="2024-11-23T14:46:29 IST" name="listMerge" finished-at="2024-11-23T14:46:29 IST" duration-ms="5" status="PASS">
          <reporter-output>
          </reporter-output>
        </test-method> <!-- listMerge -->
      </class> <!-- JavaStream.MergeTwoList -->
    </test> <!-- Default test -->
  </suite> <!-- Default suite -->
</testng-results>
